2025-05-17 15:26:28,867 - __main__ - INFO - Bắt đầu thu thập dữ liệu lúc 2025-05-17 15:26:28.867687
2025-05-17 15:26:28,868 - __main__ - INFO - Bắt đầu thu thập dữ liệu trận đấu
2025-05-17 15:26:28,868 - scrapers.match_spider - INFO - Bắt đầu thu thập dữ liệu trận đấu mùa 2023-2024
2025-05-17 15:26:31,497 - scrapers.match_spider - ERROR - Lỗi khi lấy dữ liệu trận đấu 1641023: 403 Client Error: Forbidden for url: https://www.whoscored.com/Matches/1641023/Live
2025-05-17 15:26:33,726 - scrapers.match_spider - ERROR - Lỗi khi lấy dữ liệu trận đấu 1641024: 403 Client Error: Forbidden for url: https://www.whoscored.com/Matches/1641024/Live
2025-05-17 15:26:36,718 - scrapers.match_spider - ERROR - Lỗi khi lấy dữ liệu trận đấu 1641025: 403 Client Error: Forbidden for url: https://www.whoscored.com/Matches/1641025/Live
2025-05-17 15:26:40,643 - scrapers.match_spider - ERROR - Lỗi khi lấy dữ liệu trận đấu 1641026: 403 Client Error: Forbidden for url: https://www.whoscored.com/Matches/1641026/Live
2025-05-17 15:26:45,415 - scrapers.match_spider - ERROR - Lỗi khi lấy dữ liệu trận đấu 1641027: 403 Client Error: Forbidden for url: https://www.whoscored.com/Matches/1641027/Live
2025-05-17 15:26:49,126 - scrapers.match_spider - ERROR - Lỗi khi lấy dữ liệu trận đấu 1641028: 403 Client Error: Forbidden for url: https://www.whoscored.com/Matches/1641028/Live
2025-05-17 15:26:51,481 - scrapers.match_spider - ERROR - Lỗi khi lấy dữ liệu trận đấu 1641029: 403 Client Error: Forbidden for url: https://www.whoscored.com/Matches/1641029/Live
2025-05-17 15:26:55,179 - scrapers.match_spider - ERROR - Lỗi khi lấy dữ liệu trận đấu 1641030: 403 Client Error: Forbidden for url: https://www.whoscored.com/Matches/1641030/Live
2025-05-17 15:26:57,946 - scrapers.match_spider - ERROR - Lỗi khi lấy dữ liệu trận đấu 1641031: 403 Client Error: Forbidden for url: https://www.whoscored.com/Matches/1641031/Live
2025-05-17 15:27:01,773 - scrapers.match_spider - ERROR - Lỗi khi lấy dữ liệu trận đấu 1641032: 403 Client Error: Forbidden for url: https://www.whoscored.com/Matches/1641032/Live
2025-05-17 15:27:05,989 - scrapers.match_spider - ERROR - Lỗi khi lấy dữ liệu trận đấu 1641033: 403 Client Error: Forbidden for url: https://www.whoscored.com/Matches/1641033/Live
2025-05-17 15:27:09,144 - scrapers.match_spider - ERROR - Lỗi khi lấy dữ liệu trận đấu 1641034: 403 Client Error: Forbidden for url: https://www.whoscored.com/Matches/1641034/Live
2025-05-17 15:27:12,473 - scrapers.match_spider - ERROR - Lỗi khi lấy dữ liệu trận đấu 1641035: 403 Client Error: Forbidden for url: https://www.whoscored.com/Matches/1641035/Live
2025-05-17 15:27:16,996 - scrapers.match_spider - ERROR - Lỗi khi lấy dữ liệu trận đấu 1641036: 403 Client Error: Forbidden for url: https://www.whoscored.com/Matches/1641036/Live
2025-05-17 15:27:19,959 - scrapers.match_spider - ERROR - Lỗi khi lấy dữ liệu trận đấu 1641037: 403 Client Error: Forbidden for url: https://www.whoscored.com/Matches/1641037/Live
2025-05-17 15:27:23,797 - scrapers.match_spider - ERROR - Lỗi khi lấy dữ liệu trận đấu 1641038: 403 Client Error: Forbidden for url: https://www.whoscored.com/Matches/1641038/Live
2025-05-17 15:27:28,636 - scrapers.match_spider - ERROR - Lỗi khi lấy dữ liệu trận đấu 1641039: 403 Client Error: Forbidden for url: https://www.whoscored.com/Matches/1641039/Live
2025-05-17 15:27:30,786 - scrapers.match_spider - ERROR - Lỗi khi lấy dữ liệu trận đấu 1641040: 403 Client Error: Forbidden for url: https://www.whoscored.com/Matches/1641040/Live
2025-05-17 15:27:32,871 - scrapers.match_spider - ERROR - Lỗi khi lấy dữ liệu trận đấu 1641041: 403 Client Error: Forbidden for url: https://www.whoscored.com/Matches/1641041/Live
2025-05-17 15:27:37,346 - scrapers.match_spider - ERROR - Lỗi khi lấy dữ liệu trận đấu 1641042: 403 Client Error: Forbidden for url: https://www.whoscored.com/Matches/1641042/Live
2025-05-17 15:27:41,389 - scrapers.match_spider - ERROR - Lỗi khi lấy dữ liệu trận đấu 1641043: 403 Client Error: Forbidden for url: https://www.whoscored.com/Matches/1641043/Live
2025-05-17 15:27:44,523 - scrapers.match_spider - ERROR - Lỗi khi lấy dữ liệu trận đấu 1641044: 403 Client Error: Forbidden for url: https://www.whoscored.com/Matches/1641044/Live
2025-05-17 15:27:46,551 - scrapers.match_spider - ERROR - Lỗi khi lấy dữ liệu trận đấu 1641045: 403 Client Error: Forbidden for url: https://www.whoscored.com/Matches/1641045/Live
2025-05-17 15:27:50,303 - scrapers.match_spider - ERROR - Lỗi khi lấy dữ liệu trận đấu 1641046: 403 Client Error: Forbidden for url: https://www.whoscored.com/Matches/1641046/Live
2025-05-17 15:27:53,977 - scrapers.match_spider - ERROR - Lỗi khi lấy dữ liệu trận đấu 1641047: 403 Client Error: Forbidden for url: https://www.whoscored.com/Matches/1641047/Live
2025-05-17 15:27:58,166 - scrapers.match_spider - ERROR - Lỗi khi lấy dữ liệu trận đấu 1641048: 403 Client Error: Forbidden for url: https://www.whoscored.com/Matches/1641048/Live
2025-05-17 15:28:02,169 - scrapers.match_spider - ERROR - Lỗi khi lấy dữ liệu trận đấu 1641049: 403 Client Error: Forbidden for url: https://www.whoscored.com/Matches/1641049/Live
2025-05-17 15:28:06,326 - scrapers.match_spider - ERROR - Lỗi khi lấy dữ liệu trận đấu 1641050: 403 Client Error: Forbidden for url: https://www.whoscored.com/Matches/1641050/Live
2025-05-17 15:28:08,446 - scrapers.match_spider - ERROR - Lỗi khi lấy dữ liệu trận đấu 1641051: 403 Client Error: Forbidden for url: https://www.whoscored.com/Matches/1641051/Live
2025-05-17 15:28:11,778 - scrapers.match_spider - ERROR - Lỗi khi lấy dữ liệu trận đấu 1641052: 403 Client Error: Forbidden for url: https://www.whoscored.com/Matches/1641052/Live
2025-05-17 15:28:15,194 - scrapers.match_spider - ERROR - Lỗi khi lấy dữ liệu trận đấu 1641053: 403 Client Error: Forbidden for url: https://www.whoscored.com/Matches/1641053/Live
2025-05-17 15:28:19,017 - scrapers.match_spider - ERROR - Lỗi khi lấy dữ liệu trận đấu 1641054: 403 Client Error: Forbidden for url: https://www.whoscored.com/Matches/1641054/Live
2025-05-17 15:28:22,678 - scrapers.match_spider - ERROR - Lỗi khi lấy dữ liệu trận đấu 1641055: 403 Client Error: Forbidden for url: https://www.whoscored.com/Matches/1641055/Live
2025-05-17 15:28:25,100 - scrapers.match_spider - ERROR - Lỗi khi lấy dữ liệu trận đấu 1641056: 403 Client Error: Forbidden for url: https://www.whoscored.com/Matches/1641056/Live
2025-05-17 15:28:28,667 - scrapers.match_spider - ERROR - Lỗi khi lấy dữ liệu trận đấu 1641057: 403 Client Error: Forbidden for url: https://www.whoscored.com/Matches/1641057/Live
2025-05-17 15:28:36,904 - __main__ - INFO - Bắt đầu thu thập dữ liệu lúc 2025-05-17 15:28:36.904275
2025-05-17 15:28:36,905 - __main__ - INFO - Bắt đầu thu thập dữ liệu trận đấu
2025-05-17 15:28:36,906 - scrapers.match_spider - INFO - Bắt đầu thu thập dữ liệu trận đấu mùa 2023-2024
2025-05-17 15:28:43,472 - scrapers.match_spider - ERROR - Lỗi khi lấy dữ liệu trận đấu 1641023: 403 Client Error: Forbidden for url: https://www.whoscored.com/Matches/1641023/Live
2025-05-17 15:28:51,618 - scrapers.match_spider - ERROR - Lỗi khi lấy dữ liệu trận đấu 1641024: 403 Client Error: Forbidden for url: https://www.whoscored.com/Matches/1641024/Live
2025-05-17 15:29:00,323 - scrapers.match_spider - ERROR - Lỗi khi lấy dữ liệu trận đấu 1641025: 403 Client Error: Forbidden for url: https://www.whoscored.com/Matches/1641025/Live
2025-05-17 15:29:09,240 - scrapers.match_spider - ERROR - Lỗi khi lấy dữ liệu trận đấu 1641026: 403 Client Error: Forbidden for url: https://www.whoscored.com/Matches/1641026/Live
2025-05-17 15:29:18,474 - scrapers.match_spider - ERROR - Lỗi khi lấy dữ liệu trận đấu 1641027: 403 Client Error: Forbidden for url: https://www.whoscored.com/Matches/1641027/Live
2025-05-17 15:29:28,065 - scrapers.match_spider - ERROR - Lỗi khi lấy dữ liệu trận đấu 1641028: 403 Client Error: Forbidden for url: https://www.whoscored.com/Matches/1641028/Live
2025-05-17 15:29:34,843 - scrapers.match_spider - ERROR - Lỗi khi lấy dữ liệu trận đấu 1641029: 403 Client Error: Forbidden for url: https://www.whoscored.com/Matches/1641029/Live
2025-05-17 15:29:44,122 - scrapers.match_spider - ERROR - Lỗi khi lấy dữ liệu trận đấu 1641030: 403 Client Error: Forbidden for url: https://www.whoscored.com/Matches/1641030/Live
2025-05-17 15:29:54,137 - scrapers.match_spider - ERROR - Lỗi khi lấy dữ liệu trận đấu 1641031: 403 Client Error: Forbidden for url: https://www.whoscored.com/Matches/1641031/Live
2025-05-17 15:30:00,252 - scrapers.match_spider - ERROR - Lỗi khi lấy dữ liệu trận đấu 1641032: 403 Client Error: Forbidden for url: https://www.whoscored.com/Matches/1641032/Live
2025-05-17 15:30:07,705 - scrapers.match_spider - ERROR - Lỗi khi lấy dữ liệu trận đấu 1641033: 403 Client Error: Forbidden for url: https://www.whoscored.com/Matches/1641033/Live
2025-05-17 15:30:13,515 - scrapers.match_spider - ERROR - Lỗi khi lấy dữ liệu trận đấu 1641034: 403 Client Error: Forbidden for url: https://www.whoscored.com/Matches/1641034/Live
2025-05-17 15:30:19,213 - scrapers.match_spider - ERROR - Lỗi khi lấy dữ liệu trận đấu 1641035: 403 Client Error: Forbidden for url: https://www.whoscored.com/Matches/1641035/Live
2025-05-17 15:30:25,018 - scrapers.match_spider - ERROR - Lỗi khi lấy dữ liệu trận đấu 1641036: 403 Client Error: Forbidden for url: https://www.whoscored.com/Matches/1641036/Live
2025-05-17 15:30:30,731 - scrapers.match_spider - ERROR - Lỗi khi lấy dữ liệu trận đấu 1641037: 403 Client Error: Forbidden for url: https://www.whoscored.com/Matches/1641037/Live
2025-05-17 15:30:40,312 - scrapers.match_spider - ERROR - Lỗi khi lấy dữ liệu trận đấu 1641038: 403 Client Error: Forbidden for url: https://www.whoscored.com/Matches/1641038/Live
2025-05-17 15:30:46,920 - scrapers.match_spider - ERROR - Lỗi khi lấy dữ liệu trận đấu 1641039: 403 Client Error: Forbidden for url: https://www.whoscored.com/Matches/1641039/Live
2025-05-17 15:30:55,303 - scrapers.match_spider - ERROR - Lỗi khi lấy dữ liệu trận đấu 1641040: 403 Client Error: Forbidden for url: https://www.whoscored.com/Matches/1641040/Live
2025-05-17 15:31:01,706 - scrapers.match_spider - ERROR - Lỗi khi lấy dữ liệu trận đấu 1641041: 403 Client Error: Forbidden for url: https://www.whoscored.com/Matches/1641041/Live
2025-05-17 15:31:07,451 - scrapers.match_spider - ERROR - Lỗi khi lấy dữ liệu trận đấu 1641042: 403 Client Error: Forbidden for url: https://www.whoscored.com/Matches/1641042/Live
2025-05-17 15:31:13,767 - scrapers.match_spider - ERROR - Lỗi khi lấy dữ liệu trận đấu 1641043: 403 Client Error: Forbidden for url: https://www.whoscored.com/Matches/1641043/Live
2025-05-17 15:31:22,096 - scrapers.match_spider - ERROR - Lỗi khi lấy dữ liệu trận đấu 1641044: 403 Client Error: Forbidden for url: https://www.whoscored.com/Matches/1641044/Live
2025-05-17 15:31:27,442 - scrapers.match_spider - ERROR - Lỗi khi lấy dữ liệu trận đấu 1641045: 403 Client Error: Forbidden for url: https://www.whoscored.com/Matches/1641045/Live
2025-05-17 15:31:37,402 - scrapers.match_spider - ERROR - Lỗi khi lấy dữ liệu trận đấu 1641046: 403 Client Error: Forbidden for url: https://www.whoscored.com/Matches/1641046/Live
2025-05-17 15:31:47,213 - scrapers.match_spider - ERROR - Lỗi khi lấy dữ liệu trận đấu 1641047: 403 Client Error: Forbidden for url: https://www.whoscored.com/Matches/1641047/Live
2025-05-17 15:31:56,992 - scrapers.match_spider - ERROR - Lỗi khi lấy dữ liệu trận đấu 1641048: 403 Client Error: Forbidden for url: https://www.whoscored.com/Matches/1641048/Live
2025-05-17 15:32:02,930 - scrapers.match_spider - ERROR - Lỗi khi lấy dữ liệu trận đấu 1641049: 403 Client Error: Forbidden for url: https://www.whoscored.com/Matches/1641049/Live
2025-05-17 15:32:12,532 - scrapers.match_spider - ERROR - Lỗi khi lấy dữ liệu trận đấu 1641050: 403 Client Error: Forbidden for url: https://www.whoscored.com/Matches/1641050/Live
2025-05-17 15:32:20,625 - scrapers.match_spider - ERROR - Lỗi khi lấy dữ liệu trận đấu 1641051: 403 Client Error: Forbidden for url: https://www.whoscored.com/Matches/1641051/Live
2025-05-17 15:32:29,872 - scrapers.match_spider - ERROR - Lỗi khi lấy dữ liệu trận đấu 1641052: 403 Client Error: Forbidden for url: https://www.whoscored.com/Matches/1641052/Live
2025-05-17 15:32:38,476 - scrapers.match_spider - ERROR - Lỗi khi lấy dữ liệu trận đấu 1641053: 403 Client Error: Forbidden for url: https://www.whoscored.com/Matches/1641053/Live
2025-05-17 15:32:44,882 - scrapers.match_spider - ERROR - Lỗi khi lấy dữ liệu trận đấu 1641054: 403 Client Error: Forbidden for url: https://www.whoscored.com/Matches/1641054/Live
2025-05-17 15:32:54,892 - scrapers.match_spider - ERROR - Lỗi khi lấy dữ liệu trận đấu 1641055: 403 Client Error: Forbidden for url: https://www.whoscored.com/Matches/1641055/Live
2025-05-17 15:33:01,098 - scrapers.match_spider - ERROR - Lỗi khi lấy dữ liệu trận đấu 1641056: 403 Client Error: Forbidden for url: https://www.whoscored.com/Matches/1641056/Live
2025-05-17 15:33:08,637 - scrapers.match_spider - ERROR - Lỗi khi lấy dữ liệu trận đấu 1641057: 403 Client Error: Forbidden for url: https://www.whoscored.com/Matches/1641057/Live
2025-05-17 15:33:14,551 - scrapers.match_spider - ERROR - Lỗi khi lấy dữ liệu trận đấu 1641058: 403 Client Error: Forbidden for url: https://www.whoscored.com/Matches/1641058/Live
2025-05-17 15:33:22,986 - scrapers.match_spider - ERROR - Lỗi khi lấy dữ liệu trận đấu 1641059: 403 Client Error: Forbidden for url: https://www.whoscored.com/Matches/1641059/Live
2025-05-17 15:33:29,294 - scrapers.match_spider - ERROR - Lỗi khi lấy dữ liệu trận đấu 1641060: 403 Client Error: Forbidden for url: https://www.whoscored.com/Matches/1641060/Live
2025-05-17 15:33:36,194 - scrapers.match_spider - ERROR - Lỗi khi lấy dữ liệu trận đấu 1641061: 403 Client Error: Forbidden for url: https://www.whoscored.com/Matches/1641061/Live
2025-05-17 15:33:44,889 - scrapers.match_spider - ERROR - Lỗi khi lấy dữ liệu trận đấu 1641062: 403 Client Error: Forbidden for url: https://www.whoscored.com/Matches/1641062/Live
2025-05-17 15:33:54,493 - scrapers.match_spider - ERROR - Lỗi khi lấy dữ liệu trận đấu 1641063: 403 Client Error: Forbidden for url: https://www.whoscored.com/Matches/1641063/Live
2025-05-17 15:34:01,531 - scrapers.match_spider - ERROR - Lỗi khi lấy dữ liệu trận đấu 1641064: 403 Client Error: Forbidden for url: https://www.whoscored.com/Matches/1641064/Live
2025-05-17 15:34:07,590 - scrapers.match_spider - ERROR - Lỗi khi lấy dữ liệu trận đấu 1641065: 403 Client Error: Forbidden for url: https://www.whoscored.com/Matches/1641065/Live
2025-05-17 15:34:12,737 - scrapers.match_spider - ERROR - Lỗi khi lấy dữ liệu trận đấu 1641066: 403 Client Error: Forbidden for url: https://www.whoscored.com/Matches/1641066/Live
2025-05-17 15:34:19,641 - scrapers.match_spider - ERROR - Lỗi khi lấy dữ liệu trận đấu 1641067: 403 Client Error: Forbidden for url: https://www.whoscored.com/Matches/1641067/Live
2025-05-17 15:34:29,239 - scrapers.match_spider - ERROR - Lỗi khi lấy dữ liệu trận đấu 1641068: 403 Client Error: Forbidden for url: https://www.whoscored.com/Matches/1641068/Live
2025-05-17 15:34:37,461 - scrapers.match_spider - ERROR - Lỗi khi lấy dữ liệu trận đấu 1641069: 403 Client Error: Forbidden for url: https://www.whoscored.com/Matches/1641069/Live
2025-05-17 15:34:45,796 - scrapers.match_spider - ERROR - Lỗi khi lấy dữ liệu trận đấu 1641070: 403 Client Error: Forbidden for url: https://www.whoscored.com/Matches/1641070/Live
2025-05-17 15:34:52,840 - scrapers.match_spider - ERROR - Lỗi khi lấy dữ liệu trận đấu 1641071: 403 Client Error: Forbidden for url: https://www.whoscored.com/Matches/1641071/Live
2025-05-17 15:34:59,733 - scrapers.match_spider - ERROR - Lỗi khi lấy dữ liệu trận đấu 1641072: 403 Client Error: Forbidden for url: https://www.whoscored.com/Matches/1641072/Live
2025-05-17 15:35:08,808 - scrapers.match_spider - ERROR - Lỗi khi lấy dữ liệu trận đấu 1641073: 403 Client Error: Forbidden for url: https://www.whoscored.com/Matches/1641073/Live
2025-05-17 15:35:14,739 - scrapers.match_spider - ERROR - Lỗi khi lấy dữ liệu trận đấu 1641074: 403 Client Error: Forbidden for url: https://www.whoscored.com/Matches/1641074/Live
2025-05-17 15:35:21,397 - scrapers.match_spider - ERROR - Lỗi khi lấy dữ liệu trận đấu 1641075: 403 Client Error: Forbidden for url: https://www.whoscored.com/Matches/1641075/Live
2025-05-17 15:35:31,347 - scrapers.match_spider - ERROR - Lỗi khi lấy dữ liệu trận đấu 1641076: 403 Client Error: Forbidden for url: https://www.whoscored.com/Matches/1641076/Live
2025-05-17 15:35:39,505 - scrapers.match_spider - ERROR - Lỗi khi lấy dữ liệu trận đấu 1641077: 403 Client Error: Forbidden for url: https://www.whoscored.com/Matches/1641077/Live
2025-05-17 15:35:48,744 - scrapers.match_spider - ERROR - Lỗi khi lấy dữ liệu trận đấu 1641078: 403 Client Error: Forbidden for url: https://www.whoscored.com/Matches/1641078/Live
2025-05-17 15:35:53,558 - __main__ - INFO - Bắt đầu thu thập dữ liệu lúc 2025-05-17 15:35:53.558070
2025-05-17 15:35:53,559 - __main__ - INFO - Thu thập dữ liệu trận đấu cho mùa giải 2024-2025
2025-05-17 15:35:53,559 - scrapers.match_spider - INFO - Bắt đầu thu thập dữ liệu trận đấu mùa 2024-2025
2025-05-17 15:35:56,567 - __main__ - INFO - Đã thu thập 0 trận đấu
2025-05-17 15:35:56,567 - __main__ - INFO - Thu thập dữ liệu cầu thủ cho mùa giải 2024-2025
2025-05-17 15:35:56,567 - scrapers.player_spider - INFO - Bắt đầu thu thập dữ liệu cầu thủ mùa 2024-2025
2025-05-17 15:35:57,785 - scrapers.match_spider - ERROR - Lỗi khi lấy dữ liệu trận đấu 1641079: 403 Client Error: Forbidden for url: https://www.whoscored.com/Matches/1641079/Live
2025-05-17 15:35:59,232 - __main__ - INFO - Đã thu thập 0 cầu thủ
2025-05-17 15:35:59,232 - __main__ - INFO - Hoàn thành thu thập dữ liệu lúc 2025-05-17 15:35:59.232023
2025-05-17 15:35:59,233 - __main__ - INFO - Tổng thời gian: 0:00:05.673953
2025-05-17 15:36:07,142 - scrapers.match_spider - ERROR - Lỗi khi lấy dữ liệu trận đấu 1641080: 403 Client Error: Forbidden for url: https://www.whoscored.com/Matches/1641080/Live
2025-05-17 15:36:14,156 - scrapers.match_spider - ERROR - Lỗi khi lấy dữ liệu trận đấu 1641081: 403 Client Error: Forbidden for url: https://www.whoscored.com/Matches/1641081/Live
2025-05-17 15:36:23,531 - scrapers.match_spider - ERROR - Lỗi khi lấy dữ liệu trận đấu 1641082: 403 Client Error: Forbidden for url: https://www.whoscored.com/Matches/1641082/Live
2025-05-17 15:36:29,134 - scrapers.match_spider - ERROR - Lỗi khi lấy dữ liệu trận đấu 1641083: 403 Client Error: Forbidden for url: https://www.whoscored.com/Matches/1641083/Live
2025-05-17 15:36:36,135 - scrapers.match_spider - ERROR - Lỗi khi lấy dữ liệu trận đấu 1641084: 403 Client Error: Forbidden for url: https://www.whoscored.com/Matches/1641084/Live
2025-05-17 15:36:42,478 - scrapers.match_spider - ERROR - Lỗi khi lấy dữ liệu trận đấu 1641085: 403 Client Error: Forbidden for url: https://www.whoscored.com/Matches/1641085/Live
2025-05-17 15:36:47,951 - scrapers.match_spider - ERROR - Lỗi khi lấy dữ liệu trận đấu 1641086: 403 Client Error: Forbidden for url: https://www.whoscored.com/Matches/1641086/Live
2025-05-17 15:36:53,940 - scrapers.match_spider - ERROR - Lỗi khi lấy dữ liệu trận đấu 1641087: 403 Client Error: Forbidden for url: https://www.whoscored.com/Matches/1641087/Live
2025-05-17 15:37:00,537 - scrapers.match_spider - ERROR - Lỗi khi lấy dữ liệu trận đấu 1641088: 403 Client Error: Forbidden for url: https://www.whoscored.com/Matches/1641088/Live
2025-05-17 15:37:05,633 - scrapers.match_spider - ERROR - Lỗi khi lấy dữ liệu trận đấu 1641089: 403 Client Error: Forbidden for url: https://www.whoscored.com/Matches/1641089/Live
2025-05-17 15:37:14,614 - scrapers.match_spider - ERROR - Lỗi khi lấy dữ liệu trận đấu 1641090: 403 Client Error: Forbidden for url: https://www.whoscored.com/Matches/1641090/Live
2025-05-17 15:37:23,136 - scrapers.match_spider - ERROR - Lỗi khi lấy dữ liệu trận đấu 1641091: 403 Client Error: Forbidden for url: https://www.whoscored.com/Matches/1641091/Live
2025-05-17 15:37:29,788 - scrapers.match_spider - ERROR - Lỗi khi lấy dữ liệu trận đấu 1641092: 403 Client Error: Forbidden for url: https://www.whoscored.com/Matches/1641092/Live
2025-05-17 15:38:18,668 - __main__ - INFO - Bắt đầu thu thập dữ liệu lúc 2025-05-17 15:38:18.668626
2025-05-17 15:38:18,668 - __main__ - INFO - Thu thập dữ liệu trận đấu cho mùa giải 2023-2024
2025-05-17 15:38:18,669 - scrapers.match_spider - INFO - Bắt đầu thu thập dữ liệu trận đấu mùa 2023-2024
2025-05-17 15:38:22,479 - __main__ - INFO - Đã thu thập 0 trận đấu
2025-05-17 15:38:22,479 - __main__ - INFO - Thu thập dữ liệu cầu thủ cho mùa giải 2023-2024
2025-05-17 15:38:22,480 - scrapers.player_spider - INFO - Bắt đầu thu thập dữ liệu cầu thủ mùa 2023-2024
2025-05-17 15:38:25,269 - __main__ - INFO - Đã thu thập 0 cầu thủ
2025-05-17 15:38:25,269 - __main__ - INFO - Hoàn thành thu thập dữ liệu lúc 2025-05-17 15:38:25.269237
2025-05-17 15:38:25,270 - __main__ - INFO - Tổng thời gian: 0:00:06.600611
2025-05-17 15:40:09,036 - __main__ - INFO - Bắt đầu thu thập dữ liệu lúc 2025-05-17 15:40:09.036902
2025-05-17 15:40:09,037 - __main__ - INFO - Thu thập dữ liệu trận đấu cho mùa giải 2023-2024
2025-05-17 15:40:09,037 - scrapers.match_spider - INFO - Bắt đầu thu thập dữ liệu trận đấu mùa 2023-2024
2025-05-17 15:40:11,623 - scrapers.match_spider - INFO - URL: https://footballapi.pulselive.com/football/fixtures?comps=1&compSeasons=52186&page=0&pageSize=2000
2025-05-17 15:40:11,624 - scrapers.match_spider - INFO - Status code: 200
2025-05-17 15:40:11,624 - scrapers.match_spider - INFO - Headers: {'Content-Type': 'application/json;charset=UTF-8', 'Content-Length': '80', 'Connection': 'keep-alive', 'Strict-Transport-Security': 'max-age=300; includeSubDomains', 'Date': 'Sat, 17 May 2025 15:40:09 GMT', 'Cache-Control': 'max-age=30', 'ETag': '"0283aa2b59cc8d387529a1bec2740853f"', 'Vary': 'Accept-Encoding,Origin, Origin', 'X-Cache': 'RefreshHit from cloudfront', 'Via': '1.1 31a016dbd007ced2801c71c9d4c1099a.cloudfront.net (CloudFront)', 'X-Amz-Cf-Pop': 'SGN50-P1', 'X-Amz-Cf-Id': 'SPDNxL2VHUsd8dvOr8XnxIlC54l7O2dcnBzPD61vxboBq0Q4zt69YQ==', 'Access-Control-Allow-Origin': 'https://www.premierleague.com'}
2025-05-17 15:40:11,624 - scrapers.match_spider - INFO - Response: {"pageInfo":{"page":0,"numPages":0,"pageSize":1000,"numEntries":0},"content":[]}...
2025-05-17 15:40:11,625 - __main__ - INFO - Đã thu thập 0 trận đấu
2025-05-17 15:40:11,625 - __main__ - INFO - Thu thập dữ liệu cầu thủ cho mùa giải 2023-2024
2025-05-17 15:40:11,625 - scrapers.player_spider - INFO - Bắt đầu thu thập dữ liệu cầu thủ mùa 2023-2024
2025-05-17 15:40:14,984 - scrapers.player_spider - INFO - URL: https://footballapi.pulselive.com/football/players?pageSize=10000&compSeasons=52186
2025-05-17 15:40:14,984 - scrapers.player_spider - INFO - Status code: 200
2025-05-17 15:40:14,984 - scrapers.player_spider - INFO - Headers: {'Content-Type': 'application/json;charset=UTF-8', 'Content-Length': '80', 'Connection': 'keep-alive', 'Strict-Transport-Security': 'max-age=300; includeSubDomains', 'Date': 'Sat, 17 May 2025 15:40:13 GMT', 'Cache-Control': 'max-age=30', 'ETag': '"0283aa2b59cc8d387529a1bec2740853f"', 'Vary': 'Origin,accept-encoding, Origin', 'X-Cache': 'RefreshHit from cloudfront', 'Via': '1.1 af7d117ff255d2e86949f0126b60c12c.cloudfront.net (CloudFront)', 'X-Amz-Cf-Pop': 'SGN50-P1', 'X-Amz-Cf-Id': '_J2L3cGnB5Nt-Gz5TQx7gb1oL5pXXrRuhdOOYIWF4BdtNtzOY6pWqA==', 'Access-Control-Allow-Origin': 'https://www.premierleague.com'}
2025-05-17 15:40:14,985 - scrapers.player_spider - INFO - Response: {"pageInfo":{"page":0,"numPages":0,"pageSize":1000,"numEntries":0},"content":[]}...
2025-05-17 15:40:14,985 - __main__ - INFO - Đã thu thập 0 cầu thủ
2025-05-17 15:40:14,986 - __main__ - INFO - Hoàn thành thu thập dữ liệu lúc 2025-05-17 15:40:14.986401
2025-05-17 15:40:14,986 - __main__ - INFO - Tổng thời gian: 0:00:05.949499
2025-05-17 15:50:00,310 - __main__ - INFO - Đang thu thập dữ liệu trận đấu mùa 2023-2024
2025-05-17 15:50:08,237 - scrapers.match_spider - INFO - URL: https://footballapi.pulselive.com/football/fixtures?comps=1&compSeasons=578&page=0&pageSize=2000
2025-05-17 15:50:08,237 - scrapers.match_spider - INFO - Status code: 200
2025-05-17 15:50:08,237 - scrapers.match_spider - INFO - Headers: {'Content-Type': 'application/json;charset=UTF-8', 'Transfer-Encoding': 'chunked', 'Connection': 'keep-alive', 'Date': 'Sat, 17 May 2025 15:50:05 GMT', 'Cache-Control': 'max-age=30', 'ETag': 'W/"02df83496a3c9da836954d7ff18291f4f"', 'Strict-Transport-Security': 'max-age=300; includeSubDomains', 'Content-Encoding': 'gzip', 'Vary': 'Accept-Encoding,Origin, Origin', 'X-Cache': 'Miss from cloudfront', 'Via': '1.1 bd4c7151e0cc37829e58e1c854fe6968.cloudfront.net (CloudFront)', 'X-Amz-Cf-Pop': 'SGN50-P1', 'X-Amz-Cf-Id': '_9yRLhvMI6kHGGM8E4L4aIfRDOjUkDdbCcmZ9m9YxbvcJKaXskMRAw==', 'Access-Control-Allow-Origin': 'https://www.premierleague.com'}
2025-05-17 15:50:08,238 - scrapers.match_spider - INFO - Response: {"pageInfo":{"page":0,"numPages":1,"pageSize":1000,"numEntries":380},"content":[{"gameweek":{"id":12269.0,"compSeason":{"label":"2023/24","competition":{"abbreviation":"EN_PR","description":"Premier League","level":"SEN","source":"","id":1.0},"id":578.0},"gameweek":1.0,"competitionPhase":{"id":5851.0,"type":"L","gameweekRange":[1.0,38.0]}},"kickoff":{"completeness":3.0,"millis":1.6917804E12,"label":"Fri 11 Aug 2023, 20:00 BST","gmtOffset":1.0},"provisionalKickoff":{"completeness":3.0,"millis":1....
2025-05-17 15:50:08,253 - scrapers.match_spider - INFO - Tìm thấy 380 trận đấu cho mùa giải 578
2025-05-17 15:50:08,254 - scrapers.match_spider - INFO - Đang thu thập dữ liệu trận đấu 93321
2025-05-17 15:50:13,666 - scrapers.match_spider - INFO - Đang thu thập dữ liệu trận đấu 93322
2025-05-17 15:50:18,956 - scrapers.match_spider - INFO - Đang thu thập dữ liệu trận đấu 93323
2025-05-17 15:50:24,239 - scrapers.match_spider - INFO - Đang thu thập dữ liệu trận đấu 93324
2025-05-17 15:50:30,682 - scrapers.match_spider - INFO - Đang thu thập dữ liệu trận đấu 93325
2025-05-17 15:50:36,328 - scrapers.match_spider - INFO - Đang thu thập dữ liệu trận đấu 93327
2025-05-17 15:50:41,011 - scrapers.match_spider - INFO - Đang thu thập dữ liệu trận đấu 93326
2025-05-17 15:50:45,509 - scrapers.match_spider - INFO - Đang thu thập dữ liệu trận đấu 93328
2025-05-17 15:50:50,015 - scrapers.match_spider - INFO - Đang thu thập dữ liệu trận đấu 93329
2025-05-17 15:50:55,266 - scrapers.match_spider - INFO - Đang thu thập dữ liệu trận đấu 93330
2025-05-17 15:51:00,325 - scrapers.match_spider - INFO - Đang thu thập dữ liệu trận đấu 93337
2025-05-17 15:51:04,107 - scrapers.match_spider - INFO - Đang thu thập dữ liệu trận đấu 93333
2025-05-17 15:51:08,506 - scrapers.match_spider - INFO - Đang thu thập dữ liệu trận đấu 93334
2025-05-17 15:51:12,015 - scrapers.match_spider - INFO - Đang thu thập dữ liệu trận đấu 93340
2025-05-17 15:51:17,255 - scrapers.match_spider - INFO - Đang thu thập dữ liệu trận đấu 93338
2025-05-17 15:51:21,075 - scrapers.match_spider - INFO - Đang thu thập dữ liệu trận đấu 93336
2025-05-17 15:51:26,466 - scrapers.match_spider - INFO - Đang thu thập dữ liệu trận đấu 93331
2025-05-17 15:51:32,406 - scrapers.match_spider - INFO - Đang thu thập dữ liệu trận đấu 93339
2025-05-17 15:51:37,616 - scrapers.match_spider - INFO - Đang thu thập dữ liệu trận đấu 93332
2025-05-17 15:51:43,115 - scrapers.match_spider - INFO - Đang thu thập dữ liệu trận đấu 93346
2025-05-17 15:51:47,609 - scrapers.match_spider - INFO - Đang thu thập dữ liệu trận đấu 93342
2025-05-17 15:51:51,778 - scrapers.match_spider - INFO - Đang thu thập dữ liệu trận đấu 93341
2025-05-17 15:51:57,553 - scrapers.match_spider - INFO - Đang thu thập dữ liệu trận đấu 93343
2025-05-17 15:52:02,984 - scrapers.match_spider - INFO - Đang thu thập dữ liệu trận đấu 93347
2025-05-17 15:52:07,779 - scrapers.match_spider - INFO - Đang thu thập dữ liệu trận đấu 93348
2025-05-17 15:52:13,019 - scrapers.match_spider - INFO - Đang thu thập dữ liệu trận đấu 93344
2025-05-17 15:52:17,378 - scrapers.match_spider - INFO - Đang thu thập dữ liệu trận đấu 93345
2025-05-17 15:52:22,440 - scrapers.match_spider - INFO - Đang thu thập dữ liệu trận đấu 93350
2025-05-17 15:52:28,365 - scrapers.match_spider - INFO - Đang thu thập dữ liệu trận đấu 93349
2025-05-17 15:52:33,999 - scrapers.match_spider - INFO - Đang thu thập dữ liệu trận đấu 93358
2025-05-17 15:52:39,790 - scrapers.match_spider - INFO - Đang thu thập dữ liệu trận đấu 93360
2025-05-17 15:52:45,183 - scrapers.match_spider - INFO - Đang thu thập dữ liệu trận đấu 93352
2025-05-17 15:52:51,299 - scrapers.match_spider - INFO - Đang thu thập dữ liệu trận đấu 93354
2025-05-17 15:52:55,821 - scrapers.match_spider - INFO - Đang thu thập dữ liệu trận đấu 93355
2025-05-17 15:53:01,404 - scrapers.match_spider - INFO - Đang thu thập dữ liệu trận đấu 93359
2025-05-17 15:53:08,078 - scrapers.match_spider - INFO - Đang thu thập dữ liệu trận đấu 93353
2025-05-17 15:53:13,212 - scrapers.match_spider - INFO - Đang thu thập dữ liệu trận đấu 93356
2025-05-17 15:53:20,372 - scrapers.match_spider - INFO - Đang thu thập dữ liệu trận đấu 93357
2025-05-17 15:53:24,506 - scrapers.match_spider - INFO - Đang thu thập dữ liệu trận đấu 93351
2025-05-17 15:53:31,107 - scrapers.match_spider - INFO - Đang thu thập dữ liệu trận đấu 93370
2025-05-17 15:53:36,776 - scrapers.match_spider - INFO - Đang thu thập dữ liệu trận đấu 93361
2025-05-17 15:53:41,848 - scrapers.match_spider - INFO - Đang thu thập dữ liệu trận đấu 93364
2025-05-17 15:53:46,334 - scrapers.match_spider - INFO - Đang thu thập dữ liệu trận đấu 93365
2025-05-17 15:53:51,147 - scrapers.match_spider - INFO - Đang thu thập dữ liệu trận đấu 93368
2025-05-17 15:53:55,226 - scrapers.match_spider - INFO - Đang thu thập dữ liệu trận đấu 93369
2025-05-17 15:53:59,771 - scrapers.match_spider - INFO - Đang thu thập dữ liệu trận đấu 93366
2025-05-17 15:54:06,307 - scrapers.match_spider - INFO - Đang thu thập dữ liệu trận đấu 93362
2025-05-17 15:54:09,985 - scrapers.match_spider - INFO - Đang thu thập dữ liệu trận đấu 93363
2025-05-17 15:54:15,341 - scrapers.match_spider - INFO - Đang thu thập dữ liệu trận đấu 93367
2025-05-17 15:54:20,906 - scrapers.match_spider - INFO - Đang thu thập dữ liệu trận đấu 93376
2025-05-17 15:54:26,813 - scrapers.match_spider - INFO - Đang thu thập dữ liệu trận đấu 93378
2025-05-17 15:54:31,862 - scrapers.match_spider - INFO - Đang thu thập dữ liệu trận đấu 93379
2025-05-17 15:54:37,174 - scrapers.match_spider - INFO - Đang thu thập dữ liệu trận đấu 93372
2025-05-17 15:54:43,287 - scrapers.match_spider - INFO - Đang thu thập dữ liệu trận đấu 93374
2025-05-17 15:54:48,111 - scrapers.match_spider - INFO - Đang thu thập dữ liệu trận đấu 93371
2025-05-17 15:54:52,981 - scrapers.match_spider - INFO - Đang thu thập dữ liệu trận đấu 93373
2025-05-17 15:54:59,896 - scrapers.match_spider - INFO - Đang thu thập dữ liệu trận đấu 93375
2025-05-17 15:55:05,341 - scrapers.match_spider - INFO - Đang thu thập dữ liệu trận đấu 93377
2025-05-17 15:55:09,492 - scrapers.match_spider - INFO - Đang thu thập dữ liệu trận đấu 93380
2025-05-17 15:55:14,213 - scrapers.match_spider - INFO - Đang thu thập dữ liệu trận đấu 93381
2025-05-17 15:55:17,852 - scrapers.match_spider - INFO - Đang thu thập dữ liệu trận đấu 93382
2025-05-17 15:55:21,493 - scrapers.match_spider - INFO - Đang thu thập dữ liệu trận đấu 93383
2025-05-17 15:55:26,229 - scrapers.match_spider - INFO - Đang thu thập dữ liệu trận đấu 93385
2025-05-17 15:55:30,949 - scrapers.match_spider - INFO - Đang thu thập dữ liệu trận đấu 93386
2025-05-17 15:55:36,261 - scrapers.match_spider - INFO - Đang thu thập dữ liệu trận đấu 93389
2025-05-17 15:55:42,012 - scrapers.match_spider - INFO - Đang thu thập dữ liệu trận đấu 93390
2025-05-17 15:55:46,239 - scrapers.match_spider - INFO - Đang thu thập dữ liệu trận đấu 93388
2025-05-17 15:55:51,642 - scrapers.match_spider - INFO - Đang thu thập dữ liệu trận đấu 93387
2025-05-17 15:55:56,429 - scrapers.match_spider - INFO - Đang thu thập dữ liệu trận đấu 93384
2025-05-17 15:56:01,348 - scrapers.match_spider - INFO - Đang thu thập dữ liệu trận đấu 93335
2025-05-17 15:56:06,438 - scrapers.match_spider - INFO - Đang thu thập dữ liệu trận đấu 93397
2025-05-17 15:56:11,711 - scrapers.match_spider - INFO - Đang thu thập dữ liệu trận đấu 93393
2025-05-17 15:56:16,983 - scrapers.match_spider - INFO - Đang thu thập dữ liệu trận đấu 93395
2025-05-17 15:56:21,086 - scrapers.match_spider - INFO - Đang thu thập dữ liệu trận đấu 93396
2025-05-17 15:56:25,500 - scrapers.match_spider - INFO - Đang thu thập dữ liệu trận đấu 93398
2025-05-17 15:56:29,549 - scrapers.match_spider - INFO - Đang thu thập dữ liệu trận đấu 93394
2025-05-17 15:56:35,459 - scrapers.match_spider - INFO - Đang thu thập dữ liệu trận đấu 93392
2025-05-17 15:56:39,788 - scrapers.match_spider - INFO - Đang thu thập dữ liệu trận đấu 93399
2025-05-17 15:56:44,908 - scrapers.match_spider - INFO - Đang thu thập dữ liệu trận đấu 93400
2025-05-17 15:56:50,198 - scrapers.match_spider - INFO - Đang thu thập dữ liệu trận đấu 93391
2025-05-17 15:56:54,906 - scrapers.match_spider - INFO - Đang thu thập dữ liệu trận đấu 93405
2025-05-17 15:57:01,795 - scrapers.match_spider - INFO - Đang thu thập dữ liệu trận đấu 93402
2025-05-17 15:57:05,865 - scrapers.match_spider - INFO - Đang thu thập dữ liệu trận đấu 93403
2025-05-17 15:57:10,937 - scrapers.match_spider - INFO - Đang thu thập dữ liệu trận đấu 93406
2025-05-17 15:57:16,396 - scrapers.match_spider - INFO - Đang thu thập dữ liệu trận đấu 93407
2025-05-17 15:57:21,299 - scrapers.match_spider - INFO - Đang thu thập dữ liệu trận đấu 93408
2025-05-17 15:57:30,899 - scrapers.match_spider - INFO - Đang thu thập dữ liệu trận đấu 93404
2025-05-17 15:57:36,153 - scrapers.match_spider - INFO - Đang thu thập dữ liệu trận đấu 93409
2025-05-17 15:57:43,195 - scrapers.match_spider - INFO - Đang thu thập dữ liệu trận đấu 93401
2025-05-17 15:57:48,440 - scrapers.match_spider - INFO - Đang thu thập dữ liệu trận đấu 93410
2025-05-17 15:57:52,338 - scrapers.match_spider - INFO - Đang thu thập dữ liệu trận đấu 93416
2025-05-17 15:57:58,488 - scrapers.match_spider - INFO - Đang thu thập dữ liệu trận đấu 93415
2025-05-17 15:58:02,584 - scrapers.match_spider - INFO - Đang thu thập dữ liệu trận đấu 93411
2025-05-17 15:58:06,873 - scrapers.match_spider - INFO - Đang thu thập dữ liệu trận đấu 93413
2025-05-17 15:58:11,866 - scrapers.match_spider - INFO - Đang thu thập dữ liệu trận đấu 93420
2025-05-17 15:58:18,389 - scrapers.match_spider - INFO - Đang thu thập dữ liệu trận đấu 93419
2025-05-17 15:58:23,520 - scrapers.match_spider - INFO - Đang thu thập dữ liệu trận đấu 93412
2025-05-17 15:58:30,498 - scrapers.match_spider - INFO - Đang thu thập dữ liệu trận đấu 93414
2025-05-17 15:58:35,593 - scrapers.match_spider - INFO - Đang thu thập dữ liệu trận đấu 93417
2025-05-17 15:58:39,753 - scrapers.match_spider - INFO - Đang thu thập dữ liệu trận đấu 93418
2025-05-17 15:58:44,679 - scrapers.match_spider - INFO - Đang thu thập dữ liệu trận đấu 93424
2025-05-17 15:58:49,908 - scrapers.match_spider - INFO - Đang thu thập dữ liệu trận đấu 93421
2025-05-17 15:58:56,057 - scrapers.match_spider - INFO - Đang thu thập dữ liệu trận đấu 93422
2025-05-17 15:59:00,819 - scrapers.match_spider - INFO - Đang thu thập dữ liệu trận đấu 93423
2025-05-17 15:59:05,749 - scrapers.match_spider - INFO - Đang thu thập dữ liệu trận đấu 93426
2025-05-17 15:59:09,478 - scrapers.match_spider - INFO - Đang thu thập dữ liệu trận đấu 93429
2025-05-17 15:59:15,239 - scrapers.match_spider - INFO - Đang thu thập dữ liệu trận đấu 93427
2025-05-17 15:59:18,743 - scrapers.match_spider - INFO - Đang thu thập dữ liệu trận đấu 93428
2025-05-17 15:59:23,616 - scrapers.match_spider - INFO - Đang thu thập dữ liệu trận đấu 93425
2025-05-17 15:59:28,259 - scrapers.match_spider - INFO - Đang thu thập dữ liệu trận đấu 93430
2025-05-17 15:59:34,221 - scrapers.match_spider - INFO - Đang thu thập dữ liệu trận đấu 93440
2025-05-17 15:59:38,844 - scrapers.match_spider - INFO - Đang thu thập dữ liệu trận đấu 93431
2025-05-17 15:59:44,187 - scrapers.match_spider - INFO - Đang thu thập dữ liệu trận đấu 93436
2025-05-17 15:59:48,804 - scrapers.match_spider - INFO - Đang thu thập dữ liệu trận đấu 93438
2025-05-17 15:59:54,659 - scrapers.match_spider - INFO - Đang thu thập dữ liệu trận đấu 93433
2025-05-17 15:59:58,763 - scrapers.match_spider - INFO - Đang thu thập dữ liệu trận đấu 93432
2025-05-17 16:00:03,765 - scrapers.match_spider - INFO - Đang thu thập dữ liệu trận đấu 93434
2025-05-17 16:00:07,316 - scrapers.match_spider - INFO - Đang thu thập dữ liệu trận đấu 93437
2025-05-17 16:00:13,943 - scrapers.match_spider - INFO - Đang thu thập dữ liệu trận đấu 93439
2025-05-17 16:00:19,676 - scrapers.match_spider - INFO - Đang thu thập dữ liệu trận đấu 93435
2025-05-17 16:00:26,026 - scrapers.match_spider - INFO - Đang thu thập dữ liệu trận đấu 93446
2025-05-17 16:00:32,832 - scrapers.match_spider - INFO - Đang thu thập dữ liệu trận đấu 93442
2025-05-17 16:00:39,181 - scrapers.match_spider - INFO - Đang thu thập dữ liệu trận đấu 93445
2025-05-17 16:00:44,553 - scrapers.match_spider - INFO - Đang thu thập dữ liệu trận đấu 93447
2025-05-17 16:00:50,466 - scrapers.match_spider - INFO - Đang thu thập dữ liệu trận đấu 93448
2025-05-17 16:00:55,070 - scrapers.match_spider - INFO - Đang thu thập dữ liệu trận đấu 93449
2025-05-17 16:00:59,607 - scrapers.match_spider - INFO - Đang thu thập dữ liệu trận đấu 93441
2025-05-17 16:01:03,584 - scrapers.match_spider - INFO - Đang thu thập dữ liệu trận đấu 93450
2025-05-17 16:01:08,402 - scrapers.match_spider - INFO - Đang thu thập dữ liệu trận đấu 93443
2025-05-17 16:01:13,800 - scrapers.match_spider - INFO - Đang thu thập dữ liệu trận đấu 93444
2025-05-17 16:01:18,210 - scrapers.match_spider - INFO - Đang thu thập dữ liệu trận đấu 93451
2025-05-17 16:01:23,143 - scrapers.match_spider - INFO - Đang thu thập dữ liệu trận đấu 93453
2025-05-17 16:01:29,208 - scrapers.match_spider - INFO - Đang thu thập dữ liệu trận đấu 93454
2025-05-17 16:01:34,230 - scrapers.match_spider - INFO - Đang thu thập dữ liệu trận đấu 93459
2025-05-17 16:01:39,522 - scrapers.match_spider - INFO - Đang thu thập dữ liệu trận đấu 93458
2025-05-17 16:01:45,352 - scrapers.match_spider - INFO - Đang thu thập dữ liệu trận đấu 93452
2025-05-17 16:01:49,143 - scrapers.match_spider - INFO - Đang thu thập dữ liệu trận đấu 93455
2025-05-17 16:01:54,505 - scrapers.match_spider - INFO - Đang thu thập dữ liệu trận đấu 93456
2025-05-17 16:01:59,418 - scrapers.match_spider - INFO - Đang thu thập dữ liệu trận đấu 93460
2025-05-17 16:02:04,752 - scrapers.match_spider - INFO - Đang thu thập dữ liệu trận đấu 93457
2025-05-17 16:02:11,127 - scrapers.match_spider - INFO - Đang thu thập dữ liệu trận đấu 93469
2025-05-17 16:02:15,835 - scrapers.match_spider - INFO - Đang thu thập dữ liệu trận đấu 93466
2025-05-17 16:02:21,763 - scrapers.match_spider - INFO - Đang thu thập dữ liệu trận đấu 93462
2025-05-17 16:02:27,511 - scrapers.match_spider - INFO - Đang thu thập dữ liệu trận đấu 93463
2025-05-17 16:02:32,819 - scrapers.match_spider - INFO - Đang thu thập dữ liệu trận đấu 93465
2025-05-17 16:02:36,574 - scrapers.match_spider - INFO - Đang thu thập dữ liệu trận đấu 93467
2025-05-17 16:02:40,573 - scrapers.match_spider - INFO - Đang thu thập dữ liệu trận đấu 93461
2025-05-17 16:02:44,497 - scrapers.match_spider - INFO - Đang thu thập dữ liệu trận đấu 93470
2025-05-17 16:02:48,296 - scrapers.match_spider - INFO - Đang thu thập dữ liệu trận đấu 93464
2025-05-17 16:02:53,381 - scrapers.match_spider - INFO - Đang thu thập dữ liệu trận đấu 93468
2025-05-17 16:02:57,283 - scrapers.match_spider - INFO - Đang thu thập dữ liệu trận đấu 93473
2025-05-17 16:03:03,110 - scrapers.match_spider - INFO - Đang thu thập dữ liệu trận đấu 93472
2025-05-17 16:03:08,085 - scrapers.match_spider - INFO - Đang thu thập dữ liệu trận đấu 93477
2025-05-17 16:03:13,746 - scrapers.match_spider - INFO - Đang thu thập dữ liệu trận đấu 93478
2025-05-17 16:03:18,127 - scrapers.match_spider - INFO - Đang thu thập dữ liệu trận đấu 93480
2025-05-17 16:03:23,843 - scrapers.match_spider - INFO - Đang thu thập dữ liệu trận đấu 93471
2025-05-17 16:03:29,852 - scrapers.match_spider - INFO - Đang thu thập dữ liệu trận đấu 93474
2025-05-17 16:03:34,520 - scrapers.match_spider - INFO - Đang thu thập dữ liệu trận đấu 93475
2025-05-17 16:03:38,934 - scrapers.match_spider - INFO - Đang thu thập dữ liệu trận đấu 93476
2025-05-17 16:03:42,966 - scrapers.match_spider - INFO - Đang thu thập dữ liệu trận đấu 93479
2025-05-17 16:03:48,938 - scrapers.match_spider - INFO - Đang thu thập dữ liệu trận đấu 93489
2025-05-17 16:03:54,018 - scrapers.match_spider - INFO - Đang thu thập dữ liệu trận đấu 93485
2025-05-17 16:03:59,558 - scrapers.match_spider - INFO - Đang thu thập dữ liệu trận đấu 93487
2025-05-17 16:04:03,716 - scrapers.match_spider - INFO - Đang thu thập dữ liệu trận đấu 93488
2025-05-17 16:04:08,954 - scrapers.match_spider - INFO - Đang thu thập dữ liệu trận đấu 93484
2025-05-17 16:04:14,762 - scrapers.match_spider - INFO - Đang thu thập dữ liệu trận đấu 93481
2025-05-17 16:04:20,256 - scrapers.match_spider - INFO - Đang thu thập dữ liệu trận đấu 93483
2025-05-17 16:04:26,168 - scrapers.match_spider - INFO - Đang thu thập dữ liệu trận đấu 93490
2025-05-17 16:04:30,820 - scrapers.match_spider - INFO - Đang thu thập dữ liệu trận đấu 93486
2025-05-17 16:04:35,698 - scrapers.match_spider - INFO - Đang thu thập dữ liệu trận đấu 93492
2025-05-17 16:04:39,564 - scrapers.match_spider - INFO - Đang thu thập dữ liệu trận đấu 93491
2025-05-17 16:04:45,638 - scrapers.match_spider - INFO - Đang thu thập dữ liệu trận đấu 93499
2025-05-17 16:04:50,752 - scrapers.match_spider - INFO - Đang thu thập dữ liệu trận đấu 93493
2025-05-17 16:04:56,177 - scrapers.match_spider - INFO - Đang thu thập dữ liệu trận đấu 93495
2025-05-17 16:05:01,488 - scrapers.match_spider - INFO - Đang thu thập dữ liệu trận đấu 93497
2025-05-17 16:05:07,464 - scrapers.match_spider - INFO - Đang thu thập dữ liệu trận đấu 93498
2025-05-17 16:05:12,655 - scrapers.match_spider - INFO - Đang thu thập dữ liệu trận đấu 93494
2025-05-17 16:05:17,936 - scrapers.match_spider - INFO - Đang thu thập dữ liệu trận đấu 93500
2025-05-17 16:05:23,951 - scrapers.match_spider - INFO - Đang thu thập dữ liệu trận đấu 93509
2025-05-17 16:05:29,495 - scrapers.match_spider - INFO - Đang thu thập dữ liệu trận đấu 93502
2025-05-17 16:05:34,386 - scrapers.match_spider - INFO - Đang thu thập dữ liệu trận đấu 93510
2025-05-17 16:05:39,059 - scrapers.match_spider - INFO - Đang thu thập dữ liệu trận đấu 93505
2025-05-17 16:05:43,375 - scrapers.match_spider - INFO - Đang thu thập dữ liệu trận đấu 93508
2025-05-17 16:05:47,516 - scrapers.match_spider - INFO - Đang thu thập dữ liệu trận đấu 93503
2025-05-17 16:05:51,651 - scrapers.match_spider - INFO - Đang thu thập dữ liệu trận đấu 93506
2025-05-17 16:05:57,824 - scrapers.match_spider - INFO - Đang thu thập dữ liệu trận đấu 93507
2025-05-17 16:06:04,063 - scrapers.match_spider - INFO - Đang thu thập dữ liệu trận đấu 93504
2025-05-17 16:06:09,977 - scrapers.match_spider - INFO - Đang thu thập dữ liệu trận đấu 93501
2025-05-17 16:06:13,873 - scrapers.match_spider - INFO - Đang thu thập dữ liệu trận đấu 93515
2025-05-17 16:06:18,770 - scrapers.match_spider - INFO - Đang thu thập dữ liệu trận đấu 93511
2025-05-17 16:06:24,018 - scrapers.match_spider - INFO - Đang thu thập dữ liệu trận đấu 93512
2025-05-17 16:06:29,038 - scrapers.match_spider - INFO - Đang thu thập dữ liệu trận đấu 93516
2025-05-17 16:06:33,176 - scrapers.match_spider - INFO - Đang thu thập dữ liệu trận đấu 93520
2025-05-17 16:06:38,776 - scrapers.match_spider - INFO - Đang thu thập dữ liệu trận đấu 93517
2025-05-17 16:06:43,711 - scrapers.match_spider - INFO - Đang thu thập dữ liệu trận đấu 93513
2025-05-17 16:06:48,948 - scrapers.match_spider - INFO - Đang thu thập dữ liệu trận đấu 93518
2025-05-17 16:06:53,606 - scrapers.match_spider - INFO - Đang thu thập dữ liệu trận đấu 93514
2025-05-17 16:06:58,672 - scrapers.match_spider - INFO - Đang thu thập dữ liệu trận đấu 93519
2025-05-17 16:07:04,373 - scrapers.match_spider - INFO - Đang thu thập dữ liệu trận đấu 93525
2025-05-17 16:07:10,676 - scrapers.match_spider - INFO - Đang thu thập dữ liệu trận đấu 93526
2025-05-17 16:07:16,057 - scrapers.match_spider - INFO - Đang thu thập dữ liệu trận đấu 93529
2025-05-17 16:07:22,418 - scrapers.match_spider - INFO - Đang thu thập dữ liệu trận đấu 93527
2025-05-17 16:07:26,252 - scrapers.match_spider - INFO - Đang thu thập dữ liệu trận đấu 93528
2025-05-17 16:07:32,112 - scrapers.match_spider - INFO - Đang thu thập dữ liệu trận đấu 93521
2025-05-17 16:07:38,230 - scrapers.match_spider - INFO - Đang thu thập dữ liệu trận đấu 93523
2025-05-17 16:07:42,127 - scrapers.match_spider - INFO - Đang thu thập dữ liệu trận đấu 93530
2025-05-17 16:07:46,184 - scrapers.match_spider - INFO - Đang thu thập dữ liệu trận đấu 93522
2025-05-17 16:07:51,397 - scrapers.match_spider - INFO - Đang thu thập dữ liệu trận đấu 93524
2025-05-17 16:07:56,599 - scrapers.match_spider - INFO - Đang thu thập dữ liệu trận đấu 93535
2025-05-17 16:08:00,787 - scrapers.match_spider - INFO - Đang thu thập dữ liệu trận đấu 93533
2025-05-17 16:08:04,468 - scrapers.match_spider - INFO - Đang thu thập dữ liệu trận đấu 93534
2025-05-17 16:08:09,309 - scrapers.match_spider - INFO - Đang thu thập dữ liệu trận đấu 93532
2025-05-17 16:08:14,798 - scrapers.match_spider - INFO - Đang thu thập dữ liệu trận đấu 93531
2025-05-17 16:08:20,685 - scrapers.match_spider - INFO - Đang thu thập dữ liệu trận đấu 93540
2025-05-17 16:08:25,896 - scrapers.match_spider - INFO - Đang thu thập dữ liệu trận đấu 93536
2025-05-17 16:08:30,713 - scrapers.match_spider - INFO - Đang thu thập dữ liệu trận đấu 93539
2025-05-17 16:08:35,827 - scrapers.match_spider - INFO - Đang thu thập dữ liệu trận đấu 93537
2025-05-17 16:08:41,177 - scrapers.match_spider - INFO - Đang thu thập dữ liệu trận đấu 93538
2025-05-17 16:08:45,736 - scrapers.match_spider - INFO - Đang thu thập dữ liệu trận đấu 93547
2025-05-17 16:08:50,838 - scrapers.match_spider - INFO - Đang thu thập dữ liệu trận đấu 93544
2025-05-17 16:08:55,532 - scrapers.match_spider - INFO - Đang thu thập dữ liệu trận đấu 93545
2025-05-17 16:09:00,735 - scrapers.match_spider - INFO - Đang thu thập dữ liệu trận đấu 93549
2025-05-17 16:09:05,906 - scrapers.match_spider - INFO - Đang thu thập dữ liệu trận đấu 93550
2025-05-17 16:09:12,464 - scrapers.match_spider - INFO - Đang thu thập dữ liệu trận đấu 93542
2025-05-17 16:09:17,435 - scrapers.match_spider - INFO - Đang thu thập dữ liệu trận đấu 93546
2025-05-17 16:09:23,477 - scrapers.match_spider - INFO - Đang thu thập dữ liệu trận đấu 93548
2025-05-17 16:09:28,768 - scrapers.match_spider - INFO - Đang thu thập dữ liệu trận đấu 93541
2025-05-17 16:09:34,430 - scrapers.match_spider - INFO - Đang thu thập dữ liệu trận đấu 93543
2025-05-17 16:09:38,155 - scrapers.match_spider - INFO - Đang thu thập dữ liệu trận đấu 93556
2025-05-17 16:09:43,587 - scrapers.match_spider - INFO - Đang thu thập dữ liệu trận đấu 93553
2025-05-17 16:09:49,546 - scrapers.match_spider - INFO - Đang thu thập dữ liệu trận đấu 93554
2025-05-17 16:09:55,383 - scrapers.match_spider - INFO - Đang thu thập dữ liệu trận đấu 93555
2025-05-17 16:10:01,855 - scrapers.match_spider - INFO - Đang thu thập dữ liệu trận đấu 93558
2025-05-17 16:10:07,032 - scrapers.match_spider - INFO - Đang thu thập dữ liệu trận đấu 93560
2025-05-17 16:10:13,097 - scrapers.match_spider - INFO - Đang thu thập dữ liệu trận đấu 93557
2025-05-17 16:10:18,702 - scrapers.match_spider - INFO - Đang thu thập dữ liệu trận đấu 93559
2025-05-17 16:10:22,865 - scrapers.match_spider - INFO - Đang thu thập dữ liệu trận đấu 93551
2025-05-17 16:10:28,410 - scrapers.match_spider - INFO - Đang thu thập dữ liệu trận đấu 93552
2025-05-17 16:10:33,419 - scrapers.match_spider - INFO - Đang thu thập dữ liệu trận đấu 93561
2025-05-17 16:10:38,036 - scrapers.match_spider - INFO - Đang thu thập dữ liệu trận đấu 93562
2025-05-17 16:10:43,549 - scrapers.match_spider - INFO - Đang thu thập dữ liệu trận đấu 93564
2025-05-17 16:10:47,957 - scrapers.match_spider - INFO - Đang thu thập dữ liệu trận đấu 93567
2025-05-17 16:10:52,829 - scrapers.match_spider - INFO - Đang thu thập dữ liệu trận đấu 93568
2025-05-17 16:10:57,619 - scrapers.match_spider - INFO - Đang thu thập dữ liệu trận đấu 93570
2025-05-17 16:11:04,339 - scrapers.match_spider - INFO - Đang thu thập dữ liệu trận đấu 93566
2025-05-17 16:11:10,538 - scrapers.match_spider - INFO - Đang thu thập dữ liệu trận đấu 93569
2025-05-17 16:11:16,161 - scrapers.match_spider - INFO - Đang thu thập dữ liệu trận đấu 93565
2025-05-17 16:11:21,937 - scrapers.match_spider - INFO - Đang thu thập dữ liệu trận đấu 93563
2025-05-17 16:11:26,865 - scrapers.match_spider - INFO - Đang thu thập dữ liệu trận đấu 93496
2025-05-17 16:11:31,987 - scrapers.match_spider - INFO - Đang thu thập dữ liệu trận đấu 93577
2025-05-17 16:11:37,123 - scrapers.match_spider - INFO - Đang thu thập dữ liệu trận đấu 93572
2025-05-17 16:11:41,582 - scrapers.match_spider - INFO - Đang thu thập dữ liệu trận đấu 93574
2025-05-17 16:11:46,614 - scrapers.match_spider - INFO - Đang thu thập dữ liệu trận đấu 93576
2025-05-17 16:11:50,705 - scrapers.match_spider - INFO - Đang thu thập dữ liệu trận đấu 93578
2025-05-17 16:11:56,200 - scrapers.match_spider - INFO - Đang thu thập dữ liệu trận đấu 93573
2025-05-17 16:11:59,987 - scrapers.match_spider - INFO - Đang thu thập dữ liệu trận đấu 93571
2025-05-17 16:12:04,765 - scrapers.match_spider - INFO - Đang thu thập dữ liệu trận đấu 93580
2025-05-17 16:12:08,485 - scrapers.match_spider - INFO - Đang thu thập dữ liệu trận đấu 93579
2025-05-17 16:12:14,132 - scrapers.match_spider - INFO - Đang thu thập dữ liệu trận đấu 93581
2025-05-17 16:12:19,128 - scrapers.match_spider - INFO - Đang thu thập dữ liệu trận đấu 93583
2025-05-17 16:12:24,217 - scrapers.match_spider - INFO - Đang thu thập dữ liệu trận đấu 93584
2025-05-17 16:12:28,552 - scrapers.match_spider - INFO - Đang thu thập dữ liệu trận đấu 93587
2025-05-17 16:12:32,575 - scrapers.match_spider - INFO - Đang thu thập dữ liệu trận đấu 93588
2025-05-17 16:12:37,832 - scrapers.match_spider - INFO - Đang thu thập dữ liệu trận đấu 93590
2025-05-17 16:12:42,783 - scrapers.match_spider - INFO - Đang thu thập dữ liệu trận đấu 93585
2025-05-17 16:12:48,662 - scrapers.match_spider - INFO - Đang thu thập dữ liệu trận đấu 93582
2025-05-17 16:12:52,959 - scrapers.match_spider - INFO - Đang thu thập dữ liệu trận đấu 93586
2025-05-17 16:12:59,127 - scrapers.match_spider - INFO - Đang thu thập dữ liệu trận đấu 93589
2025-05-17 16:13:04,261 - scrapers.match_spider - INFO - Đang thu thập dữ liệu trận đấu 93598
2025-05-17 16:13:11,259 - scrapers.match_spider - INFO - Đang thu thập dữ liệu trận đấu 93593
2025-05-17 16:13:15,499 - scrapers.match_spider - INFO - Đang thu thập dữ liệu trận đấu 93596
2025-05-17 16:13:21,604 - scrapers.match_spider - INFO - Đang thu thập dữ liệu trận đấu 93600
2025-05-17 16:13:27,811 - scrapers.match_spider - INFO - Đang thu thập dữ liệu trận đấu 93591
2025-05-17 16:13:32,762 - scrapers.match_spider - INFO - Đang thu thập dữ liệu trận đấu 93592
2025-05-17 16:13:39,966 - scrapers.match_spider - INFO - Đang thu thập dữ liệu trận đấu 93594
2025-05-17 16:13:46,184 - scrapers.match_spider - INFO - Đang thu thập dữ liệu trận đấu 93599
2025-05-17 16:13:51,013 - scrapers.match_spider - INFO - Đang thu thập dữ liệu trận đấu 93597
2025-05-17 16:13:57,604 - scrapers.match_spider - INFO - Đang thu thập dữ liệu trận đấu 93595
2025-05-17 16:14:04,559 - scrapers.match_spider - INFO - Đang thu thập dữ liệu trận đấu 93482
2025-05-17 16:14:09,896 - scrapers.match_spider - INFO - Đang thu thập dữ liệu trận đấu 93603
2025-05-17 16:14:16,410 - scrapers.match_spider - INFO - Đang thu thập dữ liệu trận đấu 93607
2025-05-17 16:14:22,458 - scrapers.match_spider - INFO - Đang thu thập dữ liệu trận đấu 93606
2025-05-17 16:14:28,866 - scrapers.match_spider - INFO - Đang thu thập dữ liệu trận đấu 93609
2025-05-17 16:14:32,883 - scrapers.match_spider - INFO - Đang thu thập dữ liệu trận đấu 93617
2025-05-17 16:14:37,834 - scrapers.match_spider - INFO - Đang thu thập dữ liệu trận đấu 93612
2025-05-17 16:14:43,322 - scrapers.match_spider - INFO - Đang thu thập dữ liệu trận đấu 93614
2025-05-17 16:14:48,600 - scrapers.match_spider - INFO - Đang thu thập dữ liệu trận đấu 93618
2025-05-17 16:14:53,805 - scrapers.match_spider - INFO - Đang thu thập dữ liệu trận đấu 93619
2025-05-17 16:14:57,629 - scrapers.match_spider - INFO - Đang thu thập dữ liệu trận đấu 93620
2025-05-17 16:15:02,711 - scrapers.match_spider - INFO - Đang thu thập dữ liệu trận đấu 93611
2025-05-17 16:15:07,992 - scrapers.match_spider - INFO - Đang thu thập dữ liệu trận đấu 93613
2025-05-17 16:15:12,838 - scrapers.match_spider - INFO - Đang thu thập dữ liệu trận đấu 93615
2025-05-17 16:15:18,775 - scrapers.match_spider - INFO - Đang thu thập dữ liệu trận đấu 93616
2025-05-17 16:15:24,071 - scrapers.match_spider - INFO - Đang thu thập dữ liệu trận đấu 93630
2025-05-17 16:15:28,548 - scrapers.match_spider - INFO - Đang thu thập dữ liệu trận đấu 93625
2025-05-17 16:15:34,039 - scrapers.match_spider - INFO - Đang thu thập dữ liệu trận đấu 93622
2025-05-17 16:15:38,972 - scrapers.match_spider - INFO - Đang thu thập dữ liệu trận đấu 93624
2025-05-17 16:15:45,074 - scrapers.match_spider - INFO - Đang thu thập dữ liệu trận đấu 93626
2025-05-17 16:15:49,221 - scrapers.match_spider - INFO - Đang thu thập dữ liệu trận đấu 93621
2025-05-17 16:15:53,369 - scrapers.match_spider - INFO - Đang thu thập dữ liệu trận đấu 93623
2025-05-17 16:15:58,791 - scrapers.match_spider - INFO - Đang thu thập dữ liệu trận đấu 93629
2025-05-17 16:16:04,664 - scrapers.match_spider - INFO - Đang thu thập dữ liệu trận đấu 93628
2025-05-17 16:16:11,198 - scrapers.match_spider - INFO - Đang thu thập dữ liệu trận đấu 93627
2025-05-17 16:16:16,427 - scrapers.match_spider - INFO - Đang thu thập dữ liệu trận đấu 93633
2025-05-17 16:16:23,019 - scrapers.match_spider - INFO - Đang thu thập dữ liệu trận đấu 93631
2025-05-17 16:16:30,261 - scrapers.match_spider - INFO - Đang thu thập dữ liệu trận đấu 93634
2025-05-17 16:16:34,892 - scrapers.match_spider - INFO - Đang thu thập dữ liệu trận đấu 93635
2025-05-17 16:16:40,523 - scrapers.match_spider - INFO - Đang thu thập dữ liệu trận đấu 93636
2025-05-17 16:16:45,809 - scrapers.match_spider - INFO - Đang thu thập dữ liệu trận đấu 93640
2025-05-17 16:16:51,244 - scrapers.match_spider - INFO - Đang thu thập dữ liệu trận đấu 93632
2025-05-17 16:16:55,495 - scrapers.match_spider - INFO - Đang thu thập dữ liệu trận đấu 93637
2025-05-17 16:16:59,334 - scrapers.match_spider - INFO - Đang thu thập dữ liệu trận đấu 93638
2025-05-17 16:17:04,901 - scrapers.match_spider - INFO - Đang thu thập dữ liệu trận đấu 93639
2025-05-17 16:17:09,773 - scrapers.match_spider - INFO - Đang thu thập dữ liệu trận đấu 93648
2025-05-17 16:17:16,842 - scrapers.match_spider - INFO - Đang thu thập dữ liệu trận đấu 93643
2025-05-17 16:17:22,762 - scrapers.match_spider - INFO - Đang thu thập dữ liệu trận đấu 93644
2025-05-17 16:17:27,937 - scrapers.match_spider - INFO - Đang thu thập dữ liệu trận đấu 93647
2025-05-17 16:17:32,361 - scrapers.match_spider - INFO - Đang thu thập dữ liệu trận đấu 93649
2025-05-17 16:17:38,401 - scrapers.match_spider - INFO - Đang thu thập dữ liệu trận đấu 93642
2025-05-17 16:17:45,046 - scrapers.match_spider - INFO - Đang thu thập dữ liệu trận đấu 93646
2025-05-17 16:17:50,028 - scrapers.match_spider - INFO - Đang thu thập dữ liệu trận đấu 93650
2025-05-17 16:17:55,611 - scrapers.match_spider - INFO - Đang thu thập dữ liệu trận đấu 93641
2025-05-17 16:18:00,121 - scrapers.match_spider - INFO - Đang thu thập dữ liệu trận đấu 93645
2025-05-17 16:18:06,206 - scrapers.match_spider - INFO - Đang thu thập dữ liệu trận đấu 93656
2025-05-17 16:18:11,001 - scrapers.match_spider - INFO - Đang thu thập dữ liệu trận đấu 93658
2025-05-17 16:18:15,692 - scrapers.match_spider - INFO - Đang thu thập dữ liệu trận đấu 93660
2025-05-17 16:18:20,797 - scrapers.match_spider - INFO - Đang thu thập dữ liệu trận đấu 93654
2025-05-17 16:18:26,510 - scrapers.match_spider - INFO - Đang thu thập dữ liệu trận đấu 93651
2025-05-17 16:18:33,355 - scrapers.match_spider - INFO - Đang thu thập dữ liệu trận đấu 93653
2025-05-17 16:18:39,208 - scrapers.match_spider - INFO - Đang thu thập dữ liệu trận đấu 93655
2025-05-17 16:18:43,226 - scrapers.match_spider - INFO - Đang thu thập dữ liệu trận đấu 93601
2025-05-17 16:18:47,602 - scrapers.match_spider - INFO - Đang thu thập dữ liệu trận đấu 93610
2025-05-17 16:18:52,213 - scrapers.match_spider - INFO - Đang thu thập dữ liệu trận đấu 93604
2025-05-17 16:18:57,052 - scrapers.match_spider - INFO - Đang thu thập dữ liệu trận đấu 93605
2025-05-17 16:19:01,982 - scrapers.match_spider - INFO - Đang thu thập dữ liệu trận đấu 93608
2025-05-17 16:19:07,266 - scrapers.match_spider - INFO - Đang thu thập dữ liệu trận đấu 93602
2025-05-17 16:19:11,139 - scrapers.match_spider - INFO - Đang thu thập dữ liệu trận đấu 93669
2025-05-17 16:19:17,227 - scrapers.match_spider - INFO - Đang thu thập dữ liệu trận đấu 93664
2025-05-17 16:19:22,453 - scrapers.match_spider - INFO - Đang thu thập dữ liệu trận đấu 93665
2025-05-17 16:19:28,243 - scrapers.match_spider - INFO - Đang thu thập dữ liệu trận đấu 93666
2025-05-17 16:19:32,806 - scrapers.match_spider - INFO - Đang thu thập dữ liệu trận đấu 93670
2025-05-17 16:19:38,549 - scrapers.match_spider - INFO - Đang thu thập dữ liệu trận đấu 93663
2025-05-17 16:19:45,070 - scrapers.match_spider - INFO - Đang thu thập dữ liệu trận đấu 93661
2025-05-17 16:19:50,605 - scrapers.match_spider - INFO - Đang thu thập dữ liệu trận đấu 93662
2025-05-17 16:19:55,929 - scrapers.match_spider - INFO - Đang thu thập dữ liệu trận đấu 93668
2025-05-17 16:20:00,189 - scrapers.match_spider - INFO - Đang thu thập dữ liệu trận đấu 93667
2025-05-17 16:20:05,371 - scrapers.match_spider - INFO - Đang thu thập dữ liệu trận đấu 93575
2025-05-17 16:20:11,600 - scrapers.match_spider - INFO - Đang thu thập dữ liệu trận đấu 93678
2025-05-17 16:20:17,977 - scrapers.match_spider - INFO - Đang thu thập dữ liệu trận đấu 93671
2025-05-17 16:20:24,764 - scrapers.match_spider - INFO - Đang thu thập dữ liệu trận đấu 93672
2025-05-17 16:20:29,905 - scrapers.match_spider - INFO - Đang thu thập dữ liệu trận đấu 93674
2025-05-17 16:20:34,980 - scrapers.match_spider - INFO - Đang thu thập dữ liệu trận đấu 93680
2025-05-17 16:20:39,089 - scrapers.match_spider - INFO - Đang thu thập dữ liệu trận đấu 93679
2025-05-17 16:20:43,296 - scrapers.match_spider - INFO - Đang thu thập dữ liệu trận đấu 93673
2025-05-17 16:20:48,178 - scrapers.match_spider - INFO - Đang thu thập dữ liệu trận đấu 93675
2025-05-17 16:20:53,529 - scrapers.match_spider - INFO - Đang thu thập dữ liệu trận đấu 93677
2025-05-17 16:20:59,011 - scrapers.match_spider - INFO - Đang thu thập dữ liệu trận đấu 93676
2025-05-17 16:21:03,280 - scrapers.match_spider - INFO - Đang thu thập dữ liệu trận đấu 93684
2025-05-17 16:21:08,727 - scrapers.match_spider - INFO - Đang thu thập dữ liệu trận đấu 93682
2025-05-17 16:21:14,776 - scrapers.match_spider - INFO - Đang thu thập dữ liệu trận đấu 93683
2025-05-17 16:21:19,394 - scrapers.match_spider - INFO - Đang thu thập dữ liệu trận đấu 93686
2025-05-17 16:21:24,324 - scrapers.match_spider - INFO - Đang thu thập dữ liệu trận đấu 93688
2025-05-17 16:21:29,040 - scrapers.match_spider - INFO - Đang thu thập dữ liệu trận đấu 93689
2025-05-17 16:21:34,389 - scrapers.match_spider - INFO - Đang thu thập dữ liệu trận đấu 93690
2025-05-17 16:21:39,102 - scrapers.match_spider - INFO - Đang thu thập dữ liệu trận đấu 93687
2025-05-17 16:21:44,684 - scrapers.match_spider - INFO - Đang thu thập dữ liệu trận đấu 93685
2025-05-17 16:21:49,780 - scrapers.match_spider - INFO - Đang thu thập dữ liệu trận đấu 93681
2025-05-17 16:21:55,531 - scrapers.match_spider - INFO - Đang thu thập dữ liệu trận đấu 93659
2025-05-17 16:22:02,367 - scrapers.match_spider - INFO - Đang thu thập dữ liệu trận đấu 93652
2025-05-17 16:22:07,701 - scrapers.match_spider - INFO - Đang thu thập dữ liệu trận đấu 93657
2025-05-17 16:22:12,280 - scrapers.match_spider - INFO - Đang thu thập dữ liệu trận đấu 93691
2025-05-17 16:22:16,697 - scrapers.match_spider - INFO - Đang thu thập dữ liệu trận đấu 93692
2025-05-17 16:22:21,671 - scrapers.match_spider - INFO - Đang thu thập dữ liệu trận đấu 93693
2025-05-17 16:22:26,821 - scrapers.match_spider - INFO - Đang thu thập dữ liệu trận đấu 93694
2025-05-17 16:22:32,379 - scrapers.match_spider - INFO - Đang thu thập dữ liệu trận đấu 93695
2025-05-17 16:22:38,789 - scrapers.match_spider - INFO - Đang thu thập dữ liệu trận đấu 93696
2025-05-17 16:22:44,439 - scrapers.match_spider - INFO - Đang thu thập dữ liệu trận đấu 93697
2025-05-17 16:22:48,533 - scrapers.match_spider - INFO - Đang thu thập dữ liệu trận đấu 93698
2025-05-17 16:22:53,297 - scrapers.match_spider - INFO - Đang thu thập dữ liệu trận đấu 93699
2025-05-17 16:22:59,424 - scrapers.match_spider - INFO - Đang thu thập dữ liệu trận đấu 93700
2025-05-17 16:23:08,986 - scrapers.match_spider - INFO - Đã lưu 380 trận đấu vào D:\Downloads\Football-Predictor-main\Football-Predictor-main\epl_data_collector\data\matches_2023-2024_20250517_162304.json
2025-05-17 16:23:08,989 - __main__ - INFO - Thu thập dữ liệu hoàn tất!
2025-05-17 16:49:19,449 - __main__ - INFO - Đang thu thập dữ liệu trận đấu 93321
2025-05-17 16:50:43,973 - __main__ - INFO - Đang thu thập dữ liệu trận đấu 93321
2025-05-17 16:50:49,096 - __main__ - INFO - Đã lưu dữ liệu CSV trận đấu 93321 vào data\match_93321_20250517_165049.csv
2025-05-17 16:50:49,096 - __main__ - INFO - Thu thập dữ liệu trận đấu 93321 hoàn tất!
2025-05-17 17:00:47,791 - __main__ - INFO - Đang thu thập dữ liệu trận đấu 93321
2025-05-17 17:00:49,400 - __main__ - INFO - Đã lưu dữ liệu JSON trận đấu 93321 vào data\match_93321_20250517_170049.json
2025-05-17 17:00:49,409 - __main__ - INFO - Đã lưu dữ liệu CSV trận đấu 93321 vào data\match_93321_20250517_170049.csv
2025-05-17 17:00:49,409 - __main__ - INFO - Thu thập dữ liệu trận đấu 93321 hoàn tất!
2025-05-17 17:05:44,319 - __main__ - INFO - Đang thu thập dữ liệu trận đấu 93321
2025-05-17 17:05:45,538 - __main__ - INFO - Đã lưu dữ liệu JSON trận đấu 93321 vào data\match_93321_20250517_170545.json
2025-05-17 17:05:45,539 - __main__ - INFO - Thu thập dữ liệu trận đấu 93321 hoàn tất!
2025-05-18 06:13:57,349 - scrapers.player_spider - INFO - URL: https://footballapi.pulselive.com/football/players?pageSize=10000&compSeasons=719
2025-05-18 06:13:57,349 - scrapers.player_spider - INFO - Status code: 200
2025-05-18 06:13:57,349 - scrapers.player_spider - INFO - Headers: {'Content-Type': 'application/json;charset=UTF-8', 'Transfer-Encoding': 'chunked', 'Connection': 'keep-alive', 'Date': 'Sun, 18 May 2025 06:13:56 GMT', 'Content-Encoding': 'gzip', 'Strict-Transport-Security': 'max-age=300; includeSubDomains', 'Cache-Control': 'max-age=30', 'ETag': 'W/"0eb212f6918a15eff941bc7f9030a32d1"', 'Vary': 'Origin,accept-encoding, Origin', 'X-Cache': 'Miss from cloudfront', 'Via': '1.1 8b766e410ab851e0f3a3e89a0bca9562.cloudfront.net (CloudFront)', 'X-Amz-Cf-Pop': 'HAN50-P1', 'X-Amz-Cf-Id': 'YR6RPhXk76nyxvyJcwkPPslbBsx48iuodpOfIEPXPvykIdIayPfHEg==', 'Access-Control-Allow-Origin': 'https://www.premierleague.com'}
2025-05-18 06:13:57,349 - scrapers.player_spider - INFO - Response: {"pageInfo":{"page":0,"numPages":2,"pageSize":1000,"numEntries":1299},"content":[{"playerId":731488.0,"info":{"position":"D","shirtNum":19.0,"positionInfo":"Right Full Back","loan":true},"nationalTeam":{"isoCode":"GB-ENG","country":"England","demonym":"English"},"currentTeam":{"name":"Valencia CF","club":{"name":"Valencia CF","abbr":"VAL","id":118.0},"teamType":"FIRST","shortName":"Valencia","id":118.0},"birth":{"date":{"millis":9.46944E11,"label":"4 January 2000"},"country":{"isoCode":"GB-ENG",...
2025-05-18 06:13:57,364 - scrapers.player_spider - INFO - Tìm thấy 1000 cầu thủ cho mùa giải 719
2025-05-18 06:13:57,364 - scrapers.player_spider - INFO - Đang thu thập dữ liệu cầu thủ 2100.0
2025-05-18 06:13:59,091 - scrapers.player_spider - INFO - Đang thu thập dữ liệu cầu thủ 2216.0
2025-05-18 06:14:00,614 - scrapers.player_spider - INFO - Đang thu thập dữ liệu cầu thủ 2250.0
2025-05-18 06:14:02,591 - scrapers.player_spider - INFO - Đang thu thập dữ liệu cầu thủ 2537.0
2025-05-18 06:14:04,826 - scrapers.player_spider - INFO - Đang thu thập dữ liệu cầu thủ 2569.0
2025-05-18 06:14:07,695 - scrapers.player_spider - INFO - Đang thu thập dữ liệu cầu thủ 2862.0
2025-05-18 06:14:10,700 - scrapers.player_spider - INFO - Đang thu thập dữ liệu cầu thủ 2896.0
2025-05-18 06:14:12,361 - scrapers.player_spider - INFO - Đang thu thập dữ liệu cầu thủ 2933.0
2025-05-18 06:14:15,013 - scrapers.player_spider - INFO - Đang thu thập dữ liệu cầu thủ 3170.0
2025-05-18 06:17:20,892 - scrapers.player_spider - INFO - URL: https://footballapi.pulselive.com/football/players?pageSize=10000&compSeasons=719
2025-05-18 06:17:20,892 - scrapers.player_spider - INFO - Status code: 200
2025-05-18 06:17:20,892 - scrapers.player_spider - INFO - Headers: {'Content-Type': 'application/json;charset=UTF-8', 'Transfer-Encoding': 'chunked', 'Connection': 'keep-alive', 'Content-Encoding': 'gzip', 'Strict-Transport-Security': 'max-age=300; includeSubDomains', 'Date': 'Sun, 18 May 2025 06:17:19 GMT', 'Cache-Control': 'max-age=30', 'ETag': 'W/"0eb212f6918a15eff941bc7f9030a32d1"', 'Vary': 'Origin,accept-encoding, Origin', 'X-Cache': 'RefreshHit from cloudfront', 'Via': '1.1 d3a43eeabc6484c273e76e0a71c302a8.cloudfront.net (CloudFront)', 'X-Amz-Cf-Pop': 'HAN50-P1', 'X-Amz-Cf-Id': 'FVr9MC9GAiQSl6TDh1k0sZreiNOEpACnrOklZ9lCdHRvSBQonUBvyQ==', 'Access-Control-Allow-Origin': 'https://www.premierleague.com'}
2025-05-18 06:17:20,892 - scrapers.player_spider - INFO - Response: {"pageInfo":{"page":0,"numPages":2,"pageSize":1000,"numEntries":1299},"content":[{"playerId":731488.0,"info":{"position":"D","shirtNum":19.0,"positionInfo":"Right Full Back","loan":true},"nationalTeam":{"isoCode":"GB-ENG","country":"England","demonym":"English"},"currentTeam":{"name":"Valencia CF","club":{"name":"Valencia CF","abbr":"VAL","id":118.0},"teamType":"FIRST","shortName":"Valencia","id":118.0},"birth":{"date":{"millis":9.46944E11,"label":"4 January 2000"},"country":{"isoCode":"GB-ENG",...
2025-05-18 06:17:20,911 - scrapers.player_spider - INFO - Tìm thấy 1000 cầu thủ cho mùa giải 719
2025-05-18 06:17:23,539 - scrapers.player_spider - ERROR - Lỗi khi lấy thống kê cầu thủ 2100.0: Expecting value: line 1 column 1 (char 0)
2025-05-18 06:17:26,601 - scrapers.player_spider - ERROR - Lỗi khi lấy thống kê cầu thủ 2216.0: Expecting value: line 1 column 1 (char 0)
2025-05-18 06:17:28,642 - scrapers.player_spider - ERROR - Lỗi khi lấy thống kê cầu thủ 2250.0: Expecting value: line 1 column 1 (char 0)
2025-05-18 06:17:30,573 - scrapers.player_spider - ERROR - Lỗi khi lấy thống kê cầu thủ 2537.0: Expecting value: line 1 column 1 (char 0)
2025-05-18 06:17:32,459 - scrapers.player_spider - ERROR - Lỗi khi lấy thống kê cầu thủ 2569.0: Expecting value: line 1 column 1 (char 0)
